<?xml version="1.0" encoding="UTF-8"?>
<!-- Generated by org.testng.reporters.JUnitReportReporter -->
<testsuite hostname="CDC2-D-49G1N62" name="Selenium_01.Case_Study.demo" tests="2" failures="0" timestamp="5 Jul 2019 10:59:36 GMT" time="6.460" errors="0">
  <testcase name="AddtoCart" time="1.354" classname="Selenium_01.Case_Study.demo"/>
  <testcase name="testLogin" time="5.106" classname="Selenium_01.Case_Study.demo"/>
</testsuite> <!-- Selenium_01.Case_Study.demo -->
